#
# There is insufficient memory for the Java Runtime Environment to continue.
# Native memory allocation (malloc) failed to allocate 617616 bytes for Chunk::new
# Possible reasons:
#   The system is out of physical RAM or swap space
#   In 32 bit mode, the process size limit was hit
# Possible solutions:
#   Reduce memory load on the system
#   Increase physical memory or swap space
#   Check if swap backing store is full
#   Use 64 bit Java on a 64 bit OS
#   Decrease Java heap size (-Xmx/-Xms)
#   Decrease number of Java threads
#   Decrease Java thread stack sizes (-Xss)
#   Set larger code cache with -XX:ReservedCodeCacheSize=
# This output file may be truncated or incomplete.
#
#  Out of Memory Error (allocation.cpp:390), pid=4308, tid=0x0000000000006e5c
#
# JRE version: Java(TM) SE Runtime Environment (8.0_101-b13) (build 1.8.0_101-b13)
# Java VM: Java HotSpot(TM) 64-Bit Server VM (25.101-b13 mixed mode windows-amd64 compressed oops)
# Failed to write core dump. Minidumps are not enabled by default on client versions of Windows
#

---------------  T H R E A D  ---------------

Current thread (0x0000000013ecd000):  JavaThread "C2 CompilerThread0" daemon [_thread_in_native, id=28252, stack(0x0000000015520000,0x0000000015620000)]

Stack: [0x0000000015520000,0x0000000015620000]
[error occurred during error reporting (printing stack bounds), id 0xc0000005]

Native frames: (J=compiled Java code, j=interpreted, Vv=VM code, C=native code)


Current CompileTask:
C2:   2391 1458 % !   4       java.util.jar.Attributes::read @ 177 (380 bytes)


---------------  P R O C E S S  ---------------

Java Threads: ( => current thread )
  0x000000001796f000 JavaThread "ImmediateThread-1606184461404" daemon [_thread_blocked, id=27244, stack(0x00000000185c0000,0x00000000186c0000)]
  0x0000000013f1e000 JavaThread "Service Thread" daemon [_thread_blocked, id=21868, stack(0x0000000015c20000,0x0000000015d20000)]
  0x0000000013edd800 JavaThread "C1 CompilerThread2" daemon [_thread_blocked, id=22444, stack(0x0000000015720000,0x0000000015820000)]
  0x0000000013ed6000 JavaThread "C2 CompilerThread1" daemon [_thread_blocked, id=27128, stack(0x0000000015620000,0x0000000015720000)]
=>0x0000000013ecd000 JavaThread "C2 CompilerThread0" daemon [_thread_in_native, id=28252, stack(0x0000000015520000,0x0000000015620000)]
  0x0000000013ecb000 JavaThread "Attach Listener" daemon [_thread_blocked, id=26756, stack(0x0000000015420000,0x0000000015520000)]
  0x0000000013eca000 JavaThread "Signal Dispatcher" daemon [_thread_blocked, id=30208, stack(0x0000000015320000,0x0000000015420000)]
  0x0000000013eaf800 JavaThread "Finalizer" daemon [_thread_blocked, id=27924, stack(0x0000000015120000,0x0000000015220000)]
  0x0000000002a93800 JavaThread "Reference Handler" daemon [_thread_blocked, id=30560, stack(0x0000000015020000,0x0000000015120000)]
  0x00000000029a2800 JavaThread "main" [_thread_in_native, id=28744, stack(0x0000000002870000,0x0000000002970000)]

Other Threads:
  0x0000000013e87000 VMThread [stack: 0x0000000014f20000,0x0000000015020000] [id=10284]
  0x000000001587e000 WatcherThread [stack: 0x0000000015d20000,0x0000000015e20000] [id=27952]

VM state:not at safepoint (normal execution)

VM Mutex/Monitor currently owned by a thread: None

Heap:
 PSYoungGen      total 71680K, used 38202K [0x00000000f5580000, 0x00000000fec80000, 0x0000000100000000)
  eden space 66560K, 49% used [0x00000000f5580000,0x00000000f75d5c68,0x00000000f9680000)
  from space 5120K, 99% used [0x00000000f9680000,0x00000000f9b78dc8,0x00000000f9b80000)
  to   space 10752K, 0% used [0x00000000fe200000,0x00000000fe200000,0x00000000fec80000)
 ParOldGen       total 87552K, used 7616K [0x00000000e0000000, 0x00000000e5580000, 0x00000000f5580000)
  object space 87552K, 8% used [0x00000000e0000000,0x00000000e0770268,0x00000000e5580000)
 Metaspace       used 15492K, capacity 15754K, committed 16000K, reserved 1062912K
  class space    used 1762K, capacity 1839K, committed 1920K, reserved 1048576K

Card table byte_map: [0x0000000011e60000,0x0000000011f70000] byte_map_base: 0x0000000011760000

Marking Bits: (ParMarkBitMap*) 0x000000006aefa6d0
 Begin Bits: [0x0000000012420000, 0x0000000012c20000)
 End Bits:   [0x0000000012c20000, 0x0000000013420000)

Polling page: 0x0000000001160000

CodeCache: size=245760Kb used=5323Kb max_used=5333Kb free=240436Kb
 bounds [0x0000000002aa0000, 0x0000000002fe0000, 0x0000000011aa0000]
 total_blobs=1894 nmethods=1523 adapters=283
 compilation: enabled

Compilation events (10 events):
Event: 2.381 Thread 0x0000000013edd800 1515       3       sun.security.provider.SHA2::lf_delta0 (20 bytes)
Event: 2.381 Thread 0x0000000013edd800 nmethod 1515 0x0000000002fd2710 code [0x0000000002fd2880, 0x0000000002fd2af0]
Event: 2.381 Thread 0x0000000013edd800 1519       3       sun.security.provider.ByteArrayAccess::b2iBig64 (614 bytes)
Event: 2.382 Thread 0x0000000013edd800 nmethod 1519 0x0000000002fd2bd0 code [0x0000000002fd2de0, 0x0000000002fd3ba8]
Event: 2.383 Thread 0x0000000013ed6000 1520       4       sun.security.provider.SHA2::lf_sigma1 (21 bytes)
Event: 2.383 Thread 0x0000000013edd800 1522       3       sun.security.provider.SHA2::implCompress (331 bytes)
Event: 2.383 Thread 0x0000000013ed6000 nmethod 1520 0x0000000002fc9c90 code [0x0000000002fc9dc0, 0x0000000002fc9e18]
Event: 2.383 Thread 0x0000000013ed6000 1521       4       sun.security.provider.SHA2::lf_sigma0 (20 bytes)
Event: 2.383 Thread 0x0000000013ed6000 nmethod 1521 0x0000000002fd6e10 code [0x0000000002fd6f40, 0x0000000002fd6f98]
Event: 2.384 Thread 0x0000000013edd800 nmethod 1522 0x0000000002fd4f50 code [0x0000000002fd51a0, 0x0000000002fd5f88]

GC Heap History (10 events):
Event: 0.622 GC heap before
{Heap before GC invocations=1 (full 0):
 PSYoungGen      total 38400K, used 33280K [0x00000000f5580000, 0x00000000f8000000, 0x0000000100000000)
  eden space 33280K, 100% used [0x00000000f5580000,0x00000000f7600000,0x00000000f7600000)
  from space 5120K, 0% used [0x00000000f7b00000,0x00000000f7b00000,0x00000000f8000000)
  to   space 5120K, 0% used [0x00000000f7600000,0x00000000f7600000,0x00000000f7b00000)
 ParOldGen       total 87552K, used 0K [0x00000000e0000000, 0x00000000e5580000, 0x00000000f5580000)
  object space 87552K, 0% used [0x00000000e0000000,0x00000000e0000000,0x00000000e5580000)
 Metaspace       used 4334K, capacity 5240K, committed 5376K, reserved 1056768K
  class space    used 450K, capacity 488K, committed 512K, reserved 1048576K
Event: 0.627 GC heap after
Heap after GC invocations=1 (full 0):
 PSYoungGen      total 38400K, used 3891K [0x00000000f5580000, 0x00000000f8000000, 0x0000000100000000)
  eden space 33280K, 0% used [0x00000000f5580000,0x00000000f5580000,0x00000000f7600000)
  from space 5120K, 76% used [0x00000000f7600000,0x00000000f79ccd20,0x00000000f7b00000)
  to   space 5120K, 0% used [0x00000000f7b00000,0x00000000f7b00000,0x00000000f8000000)
 ParOldGen       total 87552K, used 0K [0x00000000e0000000, 0x00000000e5580000, 0x00000000f5580000)
  object space 87552K, 0% used [0x00000000e0000000,0x00000000e0000000,0x00000000e5580000)
 Metaspace       used 4334K, capacity 5240K, committed 5376K, reserved 1056768K
  class space    used 450K, capacity 488K, committed 512K, reserved 1048576K
}
Event: 0.984 GC heap before
{Heap before GC invocations=2 (full 0):
 PSYoungGen      total 38400K, used 37171K [0x00000000f5580000, 0x00000000f8000000, 0x0000000100000000)
  eden space 33280K, 100% used [0x00000000f5580000,0x00000000f7600000,0x00000000f7600000)
  from space 5120K, 76% used [0x00000000f7600000,0x00000000f79ccd20,0x00000000f7b00000)
  to   space 5120K, 0% used [0x00000000f7b00000,0x00000000f7b00000,0x00000000f8000000)
 ParOldGen       total 87552K, used 0K [0x00000000e0000000, 0x00000000e5580000, 0x00000000f5580000)
  object space 87552K, 0% used [0x00000000e0000000,0x00000000e0000000,0x00000000e5580000)
 Metaspace       used 6168K, capacity 6252K, committed 6400K, reserved 1056768K
  class space    used 705K, capacity 722K, committed 768K, reserved 1048576K
Event: 0.990 GC heap after
Heap after GC invocations=2 (full 0):
 PSYoungGen      total 38400K, used 5105K [0x00000000f5580000, 0x00000000fa080000, 0x0000000100000000)
  eden space 33280K, 0% used [0x00000000f5580000,0x00000000f5580000,0x00000000f7600000)
  from space 5120K, 99% used [0x00000000f7b00000,0x00000000f7ffc4e0,0x00000000f8000000)
  to   space 5120K, 0% used [0x00000000f7600000,0x00000000f7600000,0x00000000f7b00000)
 ParOldGen       total 87552K, used 8K [0x00000000e0000000, 0x00000000e5580000, 0x00000000f5580000)
  object space 87552K, 0% used [0x00000000e0000000,0x00000000e0002000,0x00000000e5580000)
 Metaspace       used 6168K, capacity 6252K, committed 6400K, reserved 1056768K
  class space    used 705K, capacity 722K, committed 768K, reserved 1048576K
}
Event: 1.191 GC heap before
{Heap before GC invocations=3 (full 0):
 PSYoungGen      total 38400K, used 38385K [0x00000000f5580000, 0x00000000fa080000, 0x0000000100000000)
  eden space 33280K, 100% used [0x00000000f5580000,0x00000000f7600000,0x00000000f7600000)
  from space 5120K, 99% used [0x00000000f7b00000,0x00000000f7ffc4e0,0x00000000f8000000)
  to   space 5120K, 0% used [0x00000000f7600000,0x00000000f7600000,0x00000000f7b00000)
 ParOldGen       total 87552K, used 8K [0x00000000e0000000, 0x00000000e5580000, 0x00000000f5580000)
  object space 87552K, 0% used [0x00000000e0000000,0x00000000e0002000,0x00000000e5580000)
 Metaspace       used 8554K, capacity 8668K, committed 8704K, reserved 1056768K
  class space    used 963K, capacity 1010K, committed 1024K, reserved 1048576K
Event: 1.196 GC heap after
Heap after GC invocations=3 (full 0):
 PSYoungGen      total 38400K, used 5097K [0x00000000f5580000, 0x00000000fa080000, 0x0000000100000000)
  eden space 33280K, 0% used [0x00000000f5580000,0x00000000f5580000,0x00000000f7600000)
  from space 5120K, 99% used [0x00000000f7600000,0x00000000f7afa470,0x00000000f7b00000)
  to   space 5120K, 0% used [0x00000000f9b80000,0x00000000f9b80000,0x00000000fa080000)
 ParOldGen       total 87552K, used 852K [0x00000000e0000000, 0x00000000e5580000, 0x00000000f5580000)
  object space 87552K, 0% used [0x00000000e0000000,0x00000000e00d53d0,0x00000000e5580000)
 Metaspace       used 8554K, capacity 8668K, committed 8704K, reserved 1056768K
  class space    used 963K, capacity 1010K, committed 1024K, reserved 1048576K
}
Event: 1.382 GC heap before
{Heap before GC invocations=4 (full 0):
 PSYoungGen      total 38400K, used 38377K [0x00000000f5580000, 0x00000000fa080000, 0x0000000100000000)
  eden space 33280K, 100% used [0x00000000f5580000,0x00000000f7600000,0x00000000f7600000)
  from space 5120K, 99% used [0x00000000f7600000,0x00000000f7afa470,0x00000000f7b00000)
  to   space 5120K, 0% used [0x00000000f9b80000,0x00000000f9b80000,0x00000000fa080000)
 ParOldGen       total 87552K, used 852K [0x00000000e0000000, 0x00000000e5580000, 0x00000000f5580000)
  object space 87552K, 0% used [0x00000000e0000000,0x00000000e00d53d0,0x00000000e5580000)
 Metaspace       used 10523K, capacity 10768K, committed 11008K, reserved 1058816K
  class space    used 1190K, capacity 1280K, committed 1280K, reserved 1048576K
Event: 1.388 GC heap after
Heap after GC invocations=4 (full 0):
 PSYoungGen      total 71680K, used 5116K [0x00000000f5580000, 0x00000000fa080000, 0x0000000100000000)
  eden space 66560K, 0% used [0x00000000f5580000,0x00000000f5580000,0x00000000f9680000)
  from space 5120K, 99% used [0x00000000f9b80000,0x00000000fa07f080,0x00000000fa080000)
  to   space 5120K, 0% used [0x00000000f9680000,0x00000000f9680000,0x00000000f9b80000)
 ParOldGen       total 87552K, used 1805K [0x00000000e0000000, 0x00000000e5580000, 0x00000000f5580000)
  object space 87552K, 2% used [0x00000000e0000000,0x00000000e01c3540,0x00000000e5580000)
 Metaspace       used 10523K, capacity 10768K, committed 11008K, reserved 1058816K
  class space    used 1190K, capacity 1280K, committed 1280K, reserved 1048576K
}
Event: 1.989 GC heap before
{Heap before GC invocations=5 (full 0):
 PSYoungGen      total 71680K, used 71676K [0x00000000f5580000, 0x00000000fa080000, 0x0000000100000000)
  eden space 66560K, 100% used [0x00000000f5580000,0x00000000f9680000,0x00000000f9680000)
  from space 5120K, 99% used [0x00000000f9b80000,0x00000000fa07f080,0x00000000fa080000)
  to   space 5120K, 0% used [0x00000000f9680000,0x00000000f9680000,0x00000000f9b80000)
 ParOldGen       total 87552K, used 1805K [0x00000000e0000000, 0x00000000e5580000, 0x00000000f5580000)
  object space 87552K, 2% used [0x00000000e0000000,0x00000000e01c3540,0x00000000e5580000)
 Metaspace       used 13921K, capacity 14122K, committed 14336K, reserved 1062912K
  class space    used 1585K, capacity 1679K, committed 1792K, reserved 1048576K
Event: 2.001 GC heap after
Heap after GC invocations=5 (full 0):
 PSYoungGen      total 71680K, used 5091K [0x00000000f5580000, 0x00000000fec80000, 0x0000000100000000)
  eden space 66560K, 0% used [0x00000000f5580000,0x00000000f5580000,0x00000000f9680000)
  from space 5120K, 99% used [0x00000000f9680000,0x00000000f9b78dc8,0x00000000f9b80000)
  to   space 10752K, 0% used [0x00000000fe200000,0x00000000fe200000,0x00000000fec80000)
 ParOldGen       total 87552K, used 7616K [0x00000000e0000000, 0x00000000e5580000, 0x00000000f5580000)
  object space 87552K, 8% used [0x00000000e0000000,0x00000000e0770268,0x00000000e5580000)
 Metaspace       used 13921K, capacity 14122K, committed 14336K, reserved 1062912K
  class space    used 1585K, capacity 1679K, committed 1792K, reserved 1048576K
}

Deoptimization events (10 events):
Event: 1.813 Thread 0x00000000029a2800 Uncommon trap: reason=unstable_if action=reinterpret pc=0x0000000002bffa04 method=java.lang.AbstractStringBuilder.append(Ljava/lang/String;)Ljava/lang/AbstractStringBuilder; @ 1
Event: 1.840 Thread 0x00000000029a2800 Uncommon trap: reason=unstable_if action=reinterpret pc=0x0000000002bfe158 method=java.lang.AbstractStringBuilder.append(Ljava/lang/String;)Ljava/lang/AbstractStringBuilder; @ 1
Event: 1.979 Thread 0x00000000029a2800 Uncommon trap: reason=class_check action=maybe_recompile pc=0x0000000002f014d0 method=java.io.FilterInputStream.read([BII)I @ 7
Event: 1.979 Thread 0x00000000029a2800 Uncommon trap: reason=class_check action=maybe_recompile pc=0x0000000002f014d0 method=java.io.FilterInputStream.read([BII)I @ 7
Event: 1.979 Thread 0x00000000029a2800 Uncommon trap: reason=class_check action=maybe_recompile pc=0x0000000002f014d0 method=java.io.FilterInputStream.read([BII)I @ 7
Event: 1.979 Thread 0x00000000029a2800 Uncommon trap: reason=class_check action=maybe_recompile pc=0x0000000002f014d0 method=java.io.FilterInputStream.read([BII)I @ 7
Event: 2.214 Thread 0x00000000029a2800 Uncommon trap: reason=unstable_if action=reinterpret pc=0x0000000002f4931c method=java.util.LinkedHashMap.afterNodeInsertion(Z)V @ 18
Event: 2.327 Thread 0x00000000029a2800 Uncommon trap: reason=unstable_if action=reinterpret pc=0x0000000002faa5c8 method=java.util.jar.JarFile.maybeInstantiateVerifier()V @ 75
Event: 2.344 Thread 0x00000000029a2800 Uncommon trap: reason=unstable_if action=reinterpret pc=0x0000000002daf680 method=java.util.HashMap.putVal(ILjava/lang/Object;Ljava/lang/Object;ZZ)Ljava/lang/Object; @ 236
Event: 2.356 Thread 0x00000000029a2800 Uncommon trap: reason=unstable_if action=reinterpret pc=0x0000000002db43fc method=java.lang.CharacterDataLatin1.isWhitespace(I)Z @ 14

Internal exceptions (10 events):
Event: 1.319 Thread 0x00000000029a2800 Exception <a 'java/security/PrivilegedActionException'> (0x00000000f641bb60) thrown at [C:\re\workspace\8-2-build-windows-amd64-cygwin\jdk8u101\7261\hotspot\src\share\vm\prims\jvm.cpp, line 1386]
Event: 1.319 Thread 0x00000000029a2800 Exception <a 'java/security/PrivilegedActionException'> (0x00000000f641bf58) thrown at [C:\re\workspace\8-2-build-windows-amd64-cygwin\jdk8u101\7261\hotspot\src\share\vm\prims\jvm.cpp, line 1386]
Event: 1.320 Thread 0x00000000029a2800 Exception <a 'java/security/PrivilegedActionException'> (0x00000000f644b408) thrown at [C:\re\workspace\8-2-build-windows-amd64-cygwin\jdk8u101\7261\hotspot\src\share\vm\prims\jvm.cpp, line 1386]
Event: 1.320 Thread 0x00000000029a2800 Exception <a 'java/security/PrivilegedActionException'> (0x00000000f644b800) thrown at [C:\re\workspace\8-2-build-windows-amd64-cygwin\jdk8u101\7261\hotspot\src\share\vm\prims\jvm.cpp, line 1386]
Event: 1.417 Thread 0x00000000029a2800 Implicit null exception at 0x0000000002db6bfb to 0x0000000002db71d5
Event: 1.715 Thread 0x00000000029a2800 Implicit null exception at 0x0000000002f2c9b4 to 0x0000000002f2ca6a
Event: 1.715 Thread 0x00000000029a2800 Implicit null exception at 0x0000000002f2d98a to 0x0000000002f2e825
Event: 1.813 Thread 0x00000000029a2800 Implicit null exception at 0x0000000002bff696 to 0x0000000002bff9ed
Event: 1.840 Thread 0x00000000029a2800 Implicit null exception at 0x0000000002bfddd4 to 0x0000000002bfe141
Event: 2.131 Thread 0x00000000029a2800 Exception <a 'java/lang/ArrayIndexOutOfBoundsException': 5> (0x00000000f6284068) thrown at [C:\re\workspace\8-2-build-windows-amd64-cygwin\jdk8u101\7261\hotspot\src\share\vm\interpreter\interpreterRuntime.cpp, line 366]

Events (10 events):
Event: 2.380 loading class sun/security/provider/SHA2 done
Event: 2.380 loading class sun/security/provider/SHA2$SHA256 done
Event: 2.384 loading class java/util/Base64
Event: 2.384 loading class java/util/Base64 done
Event: 2.384 loading class java/util/Base64$Decoder
Event: 2.384 loading class java/util/Base64$Decoder done
Event: 2.384 loading class java/util/Base64$Encoder
Event: 2.384 loading class java/util/Base64$Encoder done
Event: 2.384 loading class java/util/jar/JarVerifier$VerifierStream
Event: 2.385 loading class java/util/jar/JarVerifier$VerifierStream done


Dynamic libraries:
0x00007ff64dd40000 - 0x00007ff64dd77000 	C:\Oracle\Middleware\Oracle_Home12cPHM\oracle_common\jdk\jre\bin\javaw.exe
0x00007ff9c0c00000 - 0x00007ff9c0df0000 	C:\WINDOWS\SYSTEM32\ntdll.dll
0x00007ff9c0260000 - 0x00007ff9c0312000 	C:\WINDOWS\System32\KERNEL32.DLL
0x00007ff9bdf80000 - 0x00007ff9be224000 	C:\WINDOWS\System32\KERNELBASE.dll
0x00000000709c0000 - 0x0000000070a55000 	C:\WINDOWS\System32\SYSFER.DLL
0x00007ff9c0b10000 - 0x00007ff9c0bb3000 	C:\WINDOWS\System32\ADVAPI32.dll
0x00007ff9c0320000 - 0x00007ff9c03be000 	C:\WINDOWS\System32\msvcrt.dll
0x00007ff9befe0000 - 0x00007ff9bf077000 	C:\WINDOWS\System32\sechost.dll
0x00007ff9becb0000 - 0x00007ff9bedd0000 	C:\WINDOWS\System32\RPCRT4.dll
0x00007ff9bf650000 - 0x00007ff9bf7e4000 	C:\WINDOWS\System32\USER32.dll
0x00007ff9bdc30000 - 0x00007ff9bdc51000 	C:\WINDOWS\System32\win32u.dll
0x00007ff9bff50000 - 0x00007ff9bff76000 	C:\WINDOWS\System32\GDI32.dll
0x00007ff9bdc60000 - 0x00007ff9bddf6000 	C:\WINDOWS\System32\gdi32full.dll
0x00007ff9be230000 - 0x00007ff9be2ce000 	C:\WINDOWS\System32\msvcp_win.dll
0x00007ff9bde80000 - 0x00007ff9bdf7a000 	C:\WINDOWS\System32\ucrtbase.dll
0x00007ff9aadd0000 - 0x00007ff9ab054000 	C:\WINDOWS\WinSxS\amd64_microsoft.windows.common-controls_6595b64144ccf1df_6.0.18362.959_none_e6c7bbbf130c62bb\COMCTL32.dll
0x00007ff9bf7f0000 - 0x00007ff9bfb25000 	C:\WINDOWS\System32\combase.dll
0x00007ff9bde00000 - 0x00007ff9bde80000 	C:\WINDOWS\System32\bcryptPrimitives.dll
0x00007ff9c0160000 - 0x00007ff9c018e000 	C:\WINDOWS\System32\IMM32.DLL
0x0000000067f40000 - 0x0000000068012000 	C:\Oracle\Middleware\Oracle_Home12cPHM\oracle_common\jdk\jre\bin\msvcr100.dll
0x000000006a6e0000 - 0x000000006af7a000 	C:\Oracle\Middleware\Oracle_Home12cPHM\oracle_common\jdk\jre\bin\server\jvm.dll
0x00007ff9c0150000 - 0x00007ff9c0158000 	C:\WINDOWS\System32\PSAPI.DLL
0x00007ff9a63e0000 - 0x00007ff9a63e9000 	C:\WINDOWS\SYSTEM32\WSOCK32.dll
0x00007ff9bf5e0000 - 0x00007ff9bf64f000 	C:\WINDOWS\System32\WS2_32.dll
0x00007ff9bb800000 - 0x00007ff9bb824000 	C:\WINDOWS\SYSTEM32\WINMM.dll
0x00007ff9b8060000 - 0x00007ff9b806a000 	C:\WINDOWS\SYSTEM32\VERSION.dll
0x00007ff9bb790000 - 0x00007ff9bb7bd000 	C:\WINDOWS\SYSTEM32\WINMMBASE.dll
0x00007ff9be380000 - 0x00007ff9be3ca000 	C:\WINDOWS\System32\cfgmgr32.dll
0x000000006e720000 - 0x000000006e72f000 	C:\Oracle\Middleware\Oracle_Home12cPHM\oracle_common\jdk\jre\bin\verify.dll
0x000000006e6f0000 - 0x000000006e719000 	C:\Oracle\Middleware\Oracle_Home12cPHM\oracle_common\jdk\jre\bin\java.dll
0x000000006e6d0000 - 0x000000006e6e6000 	C:\Oracle\Middleware\Oracle_Home12cPHM\oracle_common\jdk\jre\bin\zip.dll
0x00007ff9c03c0000 - 0x00007ff9c0aa6000 	C:\WINDOWS\System32\SHELL32.dll
0x00007ff9bedd0000 - 0x00007ff9bee79000 	C:\WINDOWS\System32\shcore.dll
0x00007ff9be3d0000 - 0x00007ff9beb52000 	C:\WINDOWS\System32\windows.storage.dll
0x00007ff9bdb30000 - 0x00007ff9bdb53000 	C:\WINDOWS\System32\profapi.dll
0x00007ff9bdae0000 - 0x00007ff9bdb2a000 	C:\WINDOWS\System32\powrprof.dll
0x00007ff9bdab0000 - 0x00007ff9bdac0000 	C:\WINDOWS\System32\UMPDC.dll
0x00007ff9c0ab0000 - 0x00007ff9c0b02000 	C:\WINDOWS\System32\shlwapi.dll
0x00007ff9bdac0000 - 0x00007ff9bdad1000 	C:\WINDOWS\System32\kernel.appcore.dll
0x00007ff9be300000 - 0x00007ff9be317000 	C:\WINDOWS\System32\cryptsp.dll
0x000000006e6b0000 - 0x000000006e6ca000 	C:\Oracle\Middleware\Oracle_Home12cPHM\oracle_common\jdk\jre\bin\net.dll
0x00007ff9bd2c0000 - 0x00007ff9bd327000 	C:\WINDOWS\system32\mswsock.dll
0x00007ff99f6b0000 - 0x00007ff99f6c6000 	C:\WINDOWS\system32\napinsp.dll
0x00007ff99a280000 - 0x00007ff99a29a000 	C:\WINDOWS\system32\pnrpnsp.dll
0x00007ff9bd020000 - 0x00007ff9bd0eb000 	C:\WINDOWS\SYSTEM32\DNSAPI.dll
0x00007ff9bf100000 - 0x00007ff9bf108000 	C:\WINDOWS\System32\NSI.dll
0x00007ff9bcfd0000 - 0x00007ff9bd00a000 	C:\WINDOWS\SYSTEM32\IPHLPAPI.DLL
0x00007ff99faf0000 - 0x00007ff99fafe000 	C:\WINDOWS\System32\winrnr.dll
0x00007ff9b9cf0000 - 0x00007ff9b9d0c000 	C:\WINDOWS\system32\NLAapi.dll
0x00007ff9994d0000 - 0x00007ff9994e5000 	C:\WINDOWS\system32\wshbth.dll
0x00007ff9b7120000 - 0x00007ff9b712a000 	C:\Windows\System32\rasadhlp.dll
0x00007ff9b9a00000 - 0x00007ff9b9a77000 	C:\WINDOWS\System32\fwpuclnt.dll
0x00007ff9be2d0000 - 0x00007ff9be2f6000 	C:\WINDOWS\System32\bcrypt.dll

VM Arguments:
jvm_args: -Xms128m -Xmx512m -XX:MaxPermSize=128m -Xverify:none -Dweblogic.jsp.diagnosticWithAbsolutePath=true -Dweblogic.classloader.noJarSigners=true 
java_command: weblogic.appc @C:\Users\lahirs\AppData\Local\Temp\appcCommandList7490612849194531902.txt
java_class_path (initial): C:\Oracle\Middleware\Oracle_Home12cPHM\oracle_common\jdk\lib\tools.jar;C:\Oracle\Middleware\Oracle_Home12cPHM\wlserver\server\lib\weblogic.jar
Launcher Type: SUN_STANDARD

Environment Variables:
JAVA_HOME=C:\Program Files\Java\jdk1.8.0_101
USERNAME=LahirS
OS=Windows_NT
PROCESSOR_IDENTIFIER=Intel64 Family 6 Model 142 Stepping 10, GenuineIntel



---------------  S Y S T E M  ---------------

OS: Windows 10.0 , 64 bit Build 18362 (10.0.18362.959)

CPU:total 4 (2 cores per cpu, 2 threads per core) family 6 model 142 stepping 10, cmov, cx8, fxsr, mmx, sse, sse2, sse3, ssse3, sse4.1, sse4.2, popcnt, avx, avx2, aes, clmul, erms, 3dnowpref, lzcnt, ht, tsc, tscinvbit, bmi1, bmi2, adx

Memory: 4k page, physical 16669476k(5193736k free), swap 32353952k(5200k free)

vm_info: Java HotSpot(TM) 64-Bit Server VM (25.101-b13) for windows-amd64 JRE (1.8.0_101-b13), built on Jun 22 2016 01:21:29 by "java_re" with MS VC++ 10.0 (VS2010)

time: Tue Nov 24 09:21:03 2020
elapsed time: 2 seconds (0d 0h 0m 2s)

